<?xml version="1.0" encoding="UTF-8"?>
<testsuite xmlns:xsi="http://www.w3.org/2001/XMLSchema-instance" xsi:noNamespaceSchemaLocation="https://maven.apache.org/surefire/maven-failsafe-plugin/xsd/failsafe-test-report-3.0.xsd" version="3.0" name="com.countrydata.cucumber.CountryDataRunner" time="9.722" tests="4" errors="0" skipped="0" failures="0">
  <properties>
[...]
</properties>
  <testcase name="Get Country by Alpha Code and name #1" classname="Testing Country Service" time="4.629">
    <system-out><![CDATA[HTTP/1.1 200 OK
Date: Tue, 24 Oct 2023 16:51:18 GMT
Server: Apache/2.4.38 (Debian)
Cache-Control: public, immutable, max-age=31556926
Content-Type: application/json
content-encoding: gzip
content-length: 2440
Keep-Alive: timeout=5, max=100
Connection: Keep-Alive

[
    {
        "name": {
            "common": "India",
            "official": "Republic of India",
            "nativeName": {
                "eng": {
                    "official": "Republic of India",
                    "common": "India"
                },
                "hin": {
                    "official": "भारत गणराज्य",
                    "common": "भारत"
                },
                "tam": {
                    "official": "இந்தியக் குடியரசு",
                    "common": "இந்தியா"
                }
            }
        },
        "tld": [
            ".in"
        ],
        "cca2": "IN",
        "ccn3": "356",
        "cca3": "IND",
        "cioc": "IND",
        "independent": true,
        "status": "officially-assigned",
        "unMember": true,
        "currencies": {
            "INR": {
                "name": "Indian rupee",
                "symbol": "₹"
            }
        },
        "idd": {
            "root": "+9",
            "suffixes": [
                "1"
            ]
        },
        "capital": [
            "New Delhi"
        ],
        "altSpellings": [
            "IN",
            "Bhārat",
            "Republic of India",
            "Bharat Ganrajya",
            "இந்தியா"
        ],
        "region": "Asia",
        "subregion": "Southern Asia",
        "languages": {
            "eng": "English",
            "hin": "Hindi",
            "tam": "Tamil"
        },
        "translations": {
            "ara": {
                "official": "جمهورية الهند",
                "common": "الهند"
            },
            "bre": {
                "official": "Republik India",
                "common": "India"
            },
            "ces": {
                "official": "Indická republika",
                "common": "Indie"
            },
            "cym": {
                "official": "Republic of India",
                "common": "India"
            },
            "deu": {
                "official": "Republik Indien",
                "common": "Indien"
            },
            "est": {
                "official": "India Vabariik",
                "common": "India"
            },
            "fin": {
                "official": "Intian tasavalta",
                "common": "Intia"
            },
            "fra": {
                "official": "République de l'Inde",
                "common": "Inde"
            },
            "hrv": {
                "official": "Republika Indija",
                "common": "Indija"
            },
            "hun": {
                "official": "Indiai Köztársaság",
                "common": "India"
            },
            "ita": {
                "official": "Repubblica dell'India",
                "common": "India"
            },
            "jpn": {
                "official": "インド共和国",
                "common": "インド"
            },
            "kor": {
                "official": "인도 공화국",
                "common": "인도"
            },
            "nld": {
                "official": "Republiek India",
                "common": "India"
            },
            "per": {
                "official": "جمهوری هندوستان",
                "common": "هند"
            },
            "pol": {
                "official": "Republika Indii",
                "common": "Indie"
            },
            "por": {
                "official": "República da Índia",
                "common": "Índia"
            },
            "rus": {
                "official": "Республика Индия",
                "common": "Индия"
            },
            "slk": {
                "official": "Indická republika",
                "common": "India"
            },
            "spa": {
                "official": "República de la India",
                "common": "India"
            },
            "srp": {
                "official": "Република Индија",
                "common": "Индија"
            },
            "swe": {
                "official": "Republiken Indien",
                "common": "Indien"
            },
            "tur": {
                "official": "Hindistan Cumhuriyeti",
                "common": "Hindistan"
            },
            "urd": {
                "official": "جمہوریہ بھارت",
                "common": "بھارت"
            },
            "zho": {
                "official": "印度共和国",
                "common": "印度"
            }
        },
        "latlng": [
            20.0,
            77.0
        ],
        "landlocked": false,
        "borders": [
            "BGD",
            "BTN",
            "MMR",
            "CHN",
            "NPL",
            "PAK"
        ],
        "area": 3287590.0,
        "demonyms": {
            "eng": {
                "f": "Indian",
                "m": "Indian"
            },
            "fra": {
                "f": "Indienne",
                "m": "Indien"
            }
        },
        "flag": "🇮🇳",
        "maps": {
            "googleMaps": "https://goo.gl/maps/WSk3fLwG4vtPQetp7",
            "openStreetMaps": "https://www.openstreetmap.org/relation/304716"
        },
        "population": 1380004385,
        "gini": {
            "2011": 35.7
        },
        "fifa": "IND",
        "car": {
            "signs": [
                "IND"
            ],
            "side": "left"
        },
        "timezones": [
            "UTC+05:30"
        ],
        "continents": [
            "Asia"
        ],
        "flags": {
            "png": "https://flagcdn.com/w320/in.png",
            "svg": "https://flagcdn.com/in.svg",
            "alt": "The flag of India is composed of three equal horizontal bands of saffron, white and green. A navy blue wheel with twenty-four spokes — the Ashoka Chakra — is centered in the white band."
        },
        "coatOfArms": {
            "png": "https://mainfacts.com/media/images/coats_of_arms/in.png",
            "svg": "https://mainfacts.com/media/images/coats_of_arms/in.svg"
        },
        "startOfWeek": "monday",
        "capitalInfo": {
            "latlng": [
                28.6,
                77.2
            ]
        },
        "postalCode": {
            "format": "######",
            "regex": "^(\\d{6})$"
        }
    },
    {
        "name": {
            "common": "British Indian Ocean Territory",
            "official": "British Indian Ocean Territory",
            "nativeName": {
                "eng": {
                    "official": "British Indian Ocean Territory",
                    "common": "British Indian Ocean Territory"
                }
            }
        },
        "tld": [
            ".io"
        ],
        "cca2": "IO",
        "ccn3": "086",
        "cca3": "IOT",
        "independent": false,
        "status": "officially-assigned",
        "unMember": false,
        "currencies": {
            "USD": {
                "name": "United States dollar",
                "symbol": "$"
            }
        },
        "idd": {
            "root": "+2",
            "suffixes": [
                "46"
            ]
        },
        "capital": [
            "Diego Garcia"
        ],
        "altSpellings": [
            "IO"
        ],
        "region": "Africa",
        "subregion": "Eastern Africa",
        "languages": {
            "eng": "English"
        },
        "translations": {
            "ara": {
                "official": "إقليم المحيط الهندي البريطاني",
                "common": "إقليم المحيط الهندي البريطاني"
            },
            "bre": {
                "official": "Tiriad breizhveurat Meurvor Indez",
                "common": "Tiriad breizhveurat Meurvor Indez"
            },
            "ces": {
                "official": "Britské indickooceánské území",
                "common": "Britské indickooceánské území"
            },
            "cym": {
                "official": "Tiriogaeth Brydeinig Cefnfor India",
                "common": "Tiriogaeth Brydeinig Cefnfor India"
            },
            "deu": {
                "official": "Britisches Territorium im Indischen Ozean",
                "common": "Britisches Territorium im Indischen Ozean"
            },
            "est": {
                "official": "Briti India ookeani ala",
                "common": "Briti India ookeani ala"
            },
            "fin": {
                "official": "Brittiläinen Intian valtameren alue",
                "common": "Brittiläinen Intian valtameren alue"
            },
            "fra": {
                "official": "Territoire britannique de l' océan Indien",
                "common": "Territoire britannique de l'océan Indien"
            },
            "hrv": {
                "official": "British Indian Ocean Territory",
                "common": "Britanski Indijskooceanski teritorij"
            },
            "hun": {
                "official": "Brit Indiai-óceáni Terület",
                "common": "Brit Indiai-óceáni Terület"
            },
            "ita": {
                "official": "Territorio britannico dell'Oceano Indiano",
                "common": "Territorio britannico dell'oceano indiano"
            },
            "jpn": {
                "official": "イギリス領インド洋地域",
                "common": "イギリス領インド洋地域"
            },
            "kor": {
                "official": "인도 공화국",
                "common": "인도"
            },
            "nld": {
                "official": "Brits Indische Oceaan Territorium",
                "common": "Britse Gebieden in de Indische Oceaan"
            },
            "per": {
                "official": "قلمرو بریتانیا در اقیانوس هند",
                "common": "قلمرو بریتانیا در اقیانوس هند"
            },
            "pol": {
                "official": "Brytyjskie Terytorium Oceanu Indyjskiego",
                "common": "Brytyjskie Terytorium Oceanu Indyjskiego"
            },
            "por": {
                "official": "British Indian Ocean Territory",
                "common": "Território Britânico do Oceano Índico"
            },
            "rus": {
                "official": "Британская территория Индийского океана",
                "common": "Британская территория в Индийском океане"
            },
            "slk": {
                "official": "Britské indickooceánske územie",
                "common": "Britské indickooceánske územie"
            },
            "spa": {
                "official": "Territorio Británico del Océano Índico",
                "common": "Territorio Británico del Océano Índico"
            },
            "srp": {
                "official": "Британска територија Индијског океана",
                "common": "Британска територија Индијског океана"
            },
            "swe": {
                "official": "Brittiska territoriet i Indiska Oceanen",
                "common": "Brittiska territoriet i Indiska Oceanen"
            },
            "tur": {
                "official": "Britanya Hint Okyanusu Toprakları",
                "common": "Britanya Hint Okyanusu Toprakları"
            },
            "urd": {
                "official": "برطانوی بحرہند خطہ",
                "common": "برطانوی بحرہند خطہ"
            },
            "zho": {
                "official": "英属印度洋领地",
                "common": "英属印度洋领地"
            }
        },
        "latlng": [
            -6.0,
            71.5
        ],
        "landlocked": false,
        "area": 60.0,
        "demonyms": {
            "eng": {
                "f": "Indian",
                "m": "Indian"
            }
        },
        "flag": "🇮🇴",
        "maps": {
            "googleMaps": "https://goo.gl/maps/bheNucgekVEYozoi6",
            "openStreetMaps": "https://www.openstreetmap.org/relation/1993867"
        },
        "population": 3000,
        "car": {
            "signs": [
                "GB"
            ],
            "side": "right"
        },
        "timezones": [
            "UTC+06:00"
        ],
        "continents": [
            "Asia"
        ],
        "flags": {
            "png": "https://flagcdn.com/w320/io.png",
            "svg": "https://flagcdn.com/io.svg"
        },
        "coatOfArms": {
            
        },
        "startOfWeek": "monday",
        "capitalInfo": {
            "latlng": [
                -7.3,
                72.4
            ]
        }
    }
]
HTTP/1.1 200 OK
Date: Tue, 24 Oct 2023 16:51:19 GMT
Server: Apache/2.4.38 (Debian)
Cache-Control: public, immutable, max-age=31556926
Content-Type: application/json
content-encoding: gzip
content-length: 1496
Keep-Alive: timeout=5, max=100
Connection: Keep-Alive

[
    {
        "name": {
            "common": "India",
            "official": "Republic of India",
            "nativeName": {
                "eng": {
                    "official": "Republic of India",
                    "common": "India"
                },
                "hin": {
                    "official": "भारत गणराज्य",
                    "common": "भारत"
                },
                "tam": {
                    "official": "இந்தியக் குடியரசு",
                    "common": "இந்தியா"
                }
            }
        },
        "tld": [
            ".in"
        ],
        "cca2": "IN",
        "ccn3": "356",
        "cca3": "IND",
        "cioc": "IND",
        "independent": true,
        "status": "officially-assigned",
        "unMember": true,
        "currencies": {
            "INR": {
                "name": "Indian rupee",
                "symbol": "₹"
            }
        },
        "idd": {
            "root": "+9",
            "suffixes": [
                "1"
            ]
        },
        "capital": [
            "New Delhi"
        ],
        "altSpellings": [
            "IN",
            "Bhārat",
            "Republic of India",
            "Bharat Ganrajya",
            "இந்தியா"
        ],
        "region": "Asia",
        "subregion": "Southern Asia",
        "languages": {
            "eng": "English",
            "hin": "Hindi",
            "tam": "Tamil"
        },
        "translations": {
            "ara": {
                "official": "جمهورية الهند",
                "common": "الهند"
            },
            "bre": {
                "official": "Republik India",
                "common": "India"
            },
            "ces": {
                "official": "Indická republika",
                "common": "Indie"
            },
            "cym": {
                "official": "Republic of India",
                "common": "India"
            },
            "deu": {
                "official": "Republik Indien",
                "common": "Indien"
            },
            "est": {
                "official": "India Vabariik",
                "common": "India"
            },
            "fin": {
                "official": "Intian tasavalta",
                "common": "Intia"
            },
            "fra": {
                "official": "République de l'Inde",
                "common": "Inde"
            },
            "hrv": {
                "official": "Republika Indija",
                "common": "Indija"
            },
            "hun": {
                "official": "Indiai Köztársaság",
                "common": "India"
            },
            "ita": {
                "official": "Repubblica dell'India",
                "common": "India"
            },
            "jpn": {
                "official": "インド共和国",
                "common": "インド"
            },
            "kor": {
                "official": "인도 공화국",
                "common": "인도"
            },
            "nld": {
                "official": "Republiek India",
                "common": "India"
            },
            "per": {
                "official": "جمهوری هندوستان",
                "common": "هند"
            },
            "pol": {
                "official": "Republika Indii",
                "common": "Indie"
            },
            "por": {
                "official": "República da Índia",
                "common": "Índia"
            },
            "rus": {
                "official": "Республика Индия",
                "common": "Индия"
            },
            "slk": {
                "official": "Indická republika",
                "common": "India"
            },
            "spa": {
                "official": "República de la India",
                "common": "India"
            },
            "srp": {
                "official": "Република Индија",
                "common": "Индија"
            },
            "swe": {
                "official": "Republiken Indien",
                "common": "Indien"
            },
            "tur": {
                "official": "Hindistan Cumhuriyeti",
                "common": "Hindistan"
            },
            "urd": {
                "official": "جمہوریہ بھارت",
                "common": "بھارت"
            },
            "zho": {
                "official": "印度共和国",
                "common": "印度"
            }
        },
        "latlng": [
            20.0,
            77.0
        ],
        "landlocked": false,
        "borders": [
            "BGD",
            "BTN",
            "MMR",
            "CHN",
            "NPL",
            "PAK"
        ],
        "area": 3287590.0,
        "demonyms": {
            "eng": {
                "f": "Indian",
                "m": "Indian"
            },
            "fra": {
                "f": "Indienne",
                "m": "Indien"
            }
        },
        "flag": "🇮🇳",
        "maps": {
            "googleMaps": "https://goo.gl/maps/WSk3fLwG4vtPQetp7",
            "openStreetMaps": "https://www.openstreetmap.org/relation/304716"
        },
        "population": 1380004385,
        "gini": {
            "2011": 35.7
        },
        "fifa": "IND",
        "car": {
            "signs": [
                "IND"
            ],
            "side": "left"
        },
        "timezones": [
            "UTC+05:30"
        ],
        "continents": [
            "Asia"
        ],
        "flags": {
            "png": "https://flagcdn.com/w320/in.png",
            "svg": "https://flagcdn.com/in.svg",
            "alt": "The flag of India is composed of three equal horizontal bands of saffron, white and green. A navy blue wheel with twenty-four spokes — the Ashoka Chakra — is centered in the white band."
        },
        "coatOfArms": {
            "png": "https://mainfacts.com/media/images/coats_of_arms/in.png",
            "svg": "https://mainfacts.com/media/images/coats_of_arms/in.svg"
        },
        "startOfWeek": "monday",
        "capitalInfo": {
            "latlng": [
                28.6,
                77.2
            ]
        },
        "postalCode": {
            "format": "######",
            "regex": "^(\\d{6})$"
        }
    }
]
<expectedCountry>]]></system-out>
    <system-err><![CDATA[[main] INFO  - 

-------------------------------------------------------------------------------------
     _______. _______ .______       _______ .__   __.  __  .___________.____    ____ 
    /       ||   ____||   _  \     |   ____||  \ |  | |  | |           |\   \  /   / 
   |   (----`|  |__   |  |_)  |    |  |__   |   \|  | |  | `---|  |----` \   \/   /  
    \   \    |   __|  |      /     |   __|  |  . `  | |  |     |  |       \_    _/   
.----)   |   |  |____ |  |\  \----.|  |____ |  |\   | |  |     |  |         |  |     
|_______/    |_______|| _| `._____||_______||__| \__| |__|     |__|         |__|    
                                                                                     
 News and tutorials at https://serenity-bdd.info                                     
 Documentation at https://serenity-bdd.github.io                                     
 Test Automation Training and Coaching: https://www.serenity-dojo.com                
 Commercial Support: https://www.serenity-dojo.com/serenity-bdd-enterprise-support   
 Join the Serenity Community on Gitter: https://gitter.im/serenity-bdd/serenity-core 
-------------------------------------------------------------------------------------

[main] INFO  - Test Suite Started: Testing Country Service
[main] INFO  - Test Suite Started: Testing Country Service
[main] INFO  - 
  _____   ___   ___   _____     ___   _____     _     ___   _____   ___   ___  
 |_   _| | __| / __| |_   _|   / __| |_   _|   /_\   | _ \ |_   _| | __| |   \ 
   | |   | _|  \__ \   | |     \__ \   | |    / _ \  |   /   | |   | _|  | |) |
   |_|   |___| |___/   |_|     |___/   |_|   /_/ \_\ |_|_\   |_|   |___| |___/ 

Get Country by Alpha Code and name(testing-country-service;get-country-by-alpha-code-and-name)
--------------------------------------------------------------------------------
[main] INFO  - 
  _____   ___   ___   _____     ___     _     ___   ___   ___   ___  
 |_   _| | __| / __| |_   _|   | _ \   /_\   / __| / __| | __| |   \ 
   | |   | _|  \__ \   | |     |  _/  / _ \  \__ \ \__ \ | _|  | |) |
   |_|   |___| |___/   |_|     |_|   /_/ \_\ |___/ |___/ |___| |___/ 

Get Country by Alpha Code and name
----------------------------------------------------------------------
]]></system-err>
  </testcase>
  <testcase name="Get Country by Alpha Code and name #2" classname="Testing Country Service" time="1.872">
    <system-out><![CDATA[HTTP/1.1 200 OK
Date: Tue, 24 Oct 2023 16:51:20 GMT
Server: Apache/2.4.38 (Debian)
Cache-Control: public, immutable, max-age=31556926
Content-Type: application/json
content-encoding: gzip
content-length: 1516
Keep-Alive: timeout=5, max=100
Connection: Keep-Alive

[
    {
        "name": {
            "common": "Norway",
            "official": "Kingdom of Norway",
            "nativeName": {
                "nno": {
                    "official": "Kongeriket Noreg",
                    "common": "Noreg"
                },
                "nob": {
                    "official": "Kongeriket Norge",
                    "common": "Norge"
                },
                "smi": {
                    "official": "Norgga gonagasriika",
                    "common": "Norgga"
                }
            }
        },
        "tld": [
            ".no"
        ],
        "cca2": "NO",
        "ccn3": "578",
        "cca3": "NOR",
        "cioc": "NOR",
        "independent": true,
        "status": "officially-assigned",
        "unMember": true,
        "currencies": {
            "NOK": {
                "name": "Norwegian krone",
                "symbol": "kr"
            }
        },
        "idd": {
            "root": "+4",
            "suffixes": [
                "7"
            ]
        },
        "capital": [
            "Oslo"
        ],
        "altSpellings": [
            "NO",
            "Norge",
            "Noreg",
            "Kingdom of Norway",
            "Kongeriket Norge",
            "Kongeriket Noreg"
        ],
        "region": "Europe",
        "subregion": "Northern Europe",
        "languages": {
            "nno": "Norwegian Nynorsk",
            "nob": "Norwegian Bokmål",
            "smi": "Sami"
        },
        "translations": {
            "ara": {
                "official": "مملكة النرويج",
                "common": "النرويج"
            },
            "bre": {
                "official": "Rouantelezh Norvegia",
                "common": "Norvegia"
            },
            "ces": {
                "official": "Norské království",
                "common": "Norsko"
            },
            "cym": {
                "official": "Kingdom of Norway",
                "common": "Norway"
            },
            "deu": {
                "official": "Königreich Norwegen",
                "common": "Norwegen"
            },
            "est": {
                "official": "Norra Kuningriik",
                "common": "Norra"
            },
            "fin": {
                "official": "Norjan kuningaskunta",
                "common": "Norja"
            },
            "fra": {
                "official": "Royaume de Norvège",
                "common": "Norvège"
            },
            "hrv": {
                "official": "Kraljevina Norveška",
                "common": "Norveška"
            },
            "hun": {
                "official": "Norvég Királyság",
                "common": "Norvégia"
            },
            "ita": {
                "official": "Regno di Norvegia",
                "common": "Norvegia"
            },
            "jpn": {
                "official": "ノルウェー王国",
                "common": "ノルウェー"
            },
            "kor": {
                "official": "노르웨이 왕국",
                "common": "노르웨이"
            },
            "nld": {
                "official": "Koninkrijk Noorwegen",
                "common": "Noorwegen"
            },
            "per": {
                "official": "پادشاهی نروژ",
                "common": "نروژ"
            },
            "pol": {
                "official": "Królestwo Norwegii",
                "common": "Norwegia"
            },
            "por": {
                "official": "Reino da Noruega",
                "common": "Noruega"
            },
            "rus": {
                "official": "Королевство Норвегия",
                "common": "Норвегия"
            },
            "slk": {
                "official": "Nórske kráľovstvo",
                "common": "Nórsko"
            },
            "spa": {
                "official": "Reino de Noruega",
                "common": "Noruega"
            },
            "srp": {
                "official": "Краљевина Норвешка",
                "common": "Норвешка"
            },
            "swe": {
                "official": "Konungariket Norge",
                "common": "Norge"
            },
            "tur": {
                "official": "Norveç Krallığı",
                "common": "Norveç"
            },
            "urd": {
                "official": "مملکتِ ناروے",
                "common": "ناروے"
            },
            "zho": {
                "official": "挪威王国",
                "common": "挪威"
            }
        },
        "latlng": [
            62.0,
            10.0
        ],
        "landlocked": false,
        "borders": [
            "FIN",
            "SWE",
            "RUS"
        ],
        "area": 323802.0,
        "demonyms": {
            "eng": {
                "f": "Norwegian",
                "m": "Norwegian"
            },
            "fra": {
                "f": "Norvégienne",
                "m": "Norvégien"
            }
        },
        "flag": "🇳🇴",
        "maps": {
            "googleMaps": "https://goo.gl/maps/htWRrphA7vNgQNdSA",
            "openStreetMaps": "https://www.openstreetmap.org/relation/2978650"
        },
        "population": 5379475,
        "gini": {
            "2018": 27.6
        },
        "fifa": "NOR",
        "car": {
            "signs": [
                "N"
            ],
            "side": "right"
        },
        "timezones": [
            "UTC+01:00"
        ],
        "continents": [
            "Europe"
        ],
        "flags": {
            "png": "https://flagcdn.com/w320/no.png",
            "svg": "https://flagcdn.com/no.svg",
            "alt": "The flag of Norway has a red field with a large white-edged navy blue cross that extends to the edges of the field. The vertical part of this cross is offset towards the hoist side."
        },
        "coatOfArms": {
            "png": "https://mainfacts.com/media/images/coats_of_arms/no.png",
            "svg": "https://mainfacts.com/media/images/coats_of_arms/no.svg"
        },
        "startOfWeek": "monday",
        "capitalInfo": {
            "latlng": [
                59.92,
                10.75
            ]
        },
        "postalCode": {
            "format": "####",
            "regex": "^(\\d{4})$"
        }
    }
]
HTTP/1.1 200 OK
Date: Tue, 24 Oct 2023 16:51:21 GMT
Server: Apache/2.4.38 (Debian)
Cache-Control: public, immutable, max-age=31556926
Content-Type: application/json
content-encoding: gzip
content-length: 1516
Keep-Alive: timeout=5, max=100
Connection: Keep-Alive

[
    {
        "name": {
            "common": "Norway",
            "official": "Kingdom of Norway",
            "nativeName": {
                "nno": {
                    "official": "Kongeriket Noreg",
                    "common": "Noreg"
                },
                "nob": {
                    "official": "Kongeriket Norge",
                    "common": "Norge"
                },
                "smi": {
                    "official": "Norgga gonagasriika",
                    "common": "Norgga"
                }
            }
        },
        "tld": [
            ".no"
        ],
        "cca2": "NO",
        "ccn3": "578",
        "cca3": "NOR",
        "cioc": "NOR",
        "independent": true,
        "status": "officially-assigned",
        "unMember": true,
        "currencies": {
            "NOK": {
                "name": "Norwegian krone",
                "symbol": "kr"
            }
        },
        "idd": {
            "root": "+4",
            "suffixes": [
                "7"
            ]
        },
        "capital": [
            "Oslo"
        ],
        "altSpellings": [
            "NO",
            "Norge",
            "Noreg",
            "Kingdom of Norway",
            "Kongeriket Norge",
            "Kongeriket Noreg"
        ],
        "region": "Europe",
        "subregion": "Northern Europe",
        "languages": {
            "nno": "Norwegian Nynorsk",
            "nob": "Norwegian Bokmål",
            "smi": "Sami"
        },
        "translations": {
            "ara": {
                "official": "مملكة النرويج",
                "common": "النرويج"
            },
            "bre": {
                "official": "Rouantelezh Norvegia",
                "common": "Norvegia"
            },
            "ces": {
                "official": "Norské království",
                "common": "Norsko"
            },
            "cym": {
                "official": "Kingdom of Norway",
                "common": "Norway"
            },
            "deu": {
                "official": "Königreich Norwegen",
                "common": "Norwegen"
            },
            "est": {
                "official": "Norra Kuningriik",
                "common": "Norra"
            },
            "fin": {
                "official": "Norjan kuningaskunta",
                "common": "Norja"
            },
            "fra": {
                "official": "Royaume de Norvège",
                "common": "Norvège"
            },
            "hrv": {
                "official": "Kraljevina Norveška",
                "common": "Norveška"
            },
            "hun": {
                "official": "Norvég Királyság",
                "common": "Norvégia"
            },
            "ita": {
                "official": "Regno di Norvegia",
                "common": "Norvegia"
            },
            "jpn": {
                "official": "ノルウェー王国",
                "common": "ノルウェー"
            },
            "kor": {
                "official": "노르웨이 왕국",
                "common": "노르웨이"
            },
            "nld": {
                "official": "Koninkrijk Noorwegen",
                "common": "Noorwegen"
            },
            "per": {
                "official": "پادشاهی نروژ",
                "common": "نروژ"
            },
            "pol": {
                "official": "Królestwo Norwegii",
                "common": "Norwegia"
            },
            "por": {
                "official": "Reino da Noruega",
                "common": "Noruega"
            },
            "rus": {
                "official": "Королевство Норвегия",
                "common": "Норвегия"
            },
            "slk": {
                "official": "Nórske kráľovstvo",
                "common": "Nórsko"
            },
            "spa": {
                "official": "Reino de Noruega",
                "common": "Noruega"
            },
            "srp": {
                "official": "Краљевина Норвешка",
                "common": "Норвешка"
            },
            "swe": {
                "official": "Konungariket Norge",
                "common": "Norge"
            },
            "tur": {
                "official": "Norveç Krallığı",
                "common": "Norveç"
            },
            "urd": {
                "official": "مملکتِ ناروے",
                "common": "ناروے"
            },
            "zho": {
                "official": "挪威王国",
                "common": "挪威"
            }
        },
        "latlng": [
            62.0,
            10.0
        ],
        "landlocked": false,
        "borders": [
            "FIN",
            "SWE",
            "RUS"
        ],
        "area": 323802.0,
        "demonyms": {
            "eng": {
                "f": "Norwegian",
                "m": "Norwegian"
            },
            "fra": {
                "f": "Norvégienne",
                "m": "Norvégien"
            }
        },
        "flag": "🇳🇴",
        "maps": {
            "googleMaps": "https://goo.gl/maps/htWRrphA7vNgQNdSA",
            "openStreetMaps": "https://www.openstreetmap.org/relation/2978650"
        },
        "population": 5379475,
        "gini": {
            "2018": 27.6
        },
        "fifa": "NOR",
        "car": {
            "signs": [
                "N"
            ],
            "side": "right"
        },
        "timezones": [
            "UTC+01:00"
        ],
        "continents": [
            "Europe"
        ],
        "flags": {
            "png": "https://flagcdn.com/w320/no.png",
            "svg": "https://flagcdn.com/no.svg",
            "alt": "The flag of Norway has a red field with a large white-edged navy blue cross that extends to the edges of the field. The vertical part of this cross is offset towards the hoist side."
        },
        "coatOfArms": {
            "png": "https://mainfacts.com/media/images/coats_of_arms/no.png",
            "svg": "https://mainfacts.com/media/images/coats_of_arms/no.svg"
        },
        "startOfWeek": "monday",
        "capitalInfo": {
            "latlng": [
                59.92,
                10.75
            ]
        },
        "postalCode": {
            "format": "####",
            "regex": "^(\\d{4})$"
        }
    }
]
<expectedCountry>]]></system-out>
    <system-err><![CDATA[[main] INFO  - 
  _____   ___   ___   _____     ___     _     ___   ___   ___   ___  
 |_   _| | __| / __| |_   _|   | _ \   /_\   / __| / __| | __| |   \ 
   | |   | _|  \__ \   | |     |  _/  / _ \  \__ \ \__ \ | _|  | |) |
   |_|   |___| |___/   |_|     |_|   /_/ \_\ |___/ |___/ |___| |___/ 

Get Country by Alpha Code and name
----------------------------------------------------------------------
]]></system-err>
  </testcase>
  <testcase name="Get Calling code using currency #1" classname="Testing Country Service" time="0.886">
    <system-out><![CDATA[HTTP/1.1 200 OK
Date: Tue, 24 Oct 2023 16:51:22 GMT
Server: Apache/2.4.38 (Debian)
Cache-Control: public, immutable, max-age=31556926
Content-Type: application/json
content-encoding: gzip
content-length: 2386
Keep-Alive: timeout=5, max=100
Connection: Keep-Alive

[
    {
        "name": {
            "common": "India",
            "official": "Republic of India",
            "nativeName": {
                "eng": {
                    "official": "Republic of India",
                    "common": "India"
                },
                "hin": {
                    "official": "भारत गणराज्य",
                    "common": "भारत"
                },
                "tam": {
                    "official": "இந்தியக் குடியரசு",
                    "common": "இந்தியா"
                }
            }
        },
        "tld": [
            ".in"
        ],
        "cca2": "IN",
        "ccn3": "356",
        "cca3": "IND",
        "cioc": "IND",
        "independent": true,
        "status": "officially-assigned",
        "unMember": true,
        "currencies": {
            "INR": {
                "name": "Indian rupee",
                "symbol": "₹"
            }
        },
        "idd": {
            "root": "+9",
            "suffixes": [
                "1"
            ]
        },
        "capital": [
            "New Delhi"
        ],
        "altSpellings": [
            "IN",
            "Bhārat",
            "Republic of India",
            "Bharat Ganrajya",
            "இந்தியா"
        ],
        "region": "Asia",
        "subregion": "Southern Asia",
        "languages": {
            "eng": "English",
            "hin": "Hindi",
            "tam": "Tamil"
        },
        "translations": {
            "ara": {
                "official": "جمهورية الهند",
                "common": "الهند"
            },
            "bre": {
                "official": "Republik India",
                "common": "India"
            },
            "ces": {
                "official": "Indická republika",
                "common": "Indie"
            },
            "cym": {
                "official": "Republic of India",
                "common": "India"
            },
            "deu": {
                "official": "Republik Indien",
                "common": "Indien"
            },
            "est": {
                "official": "India Vabariik",
                "common": "India"
            },
            "fin": {
                "official": "Intian tasavalta",
                "common": "Intia"
            },
            "fra": {
                "official": "République de l'Inde",
                "common": "Inde"
            },
            "hrv": {
                "official": "Republika Indija",
                "common": "Indija"
            },
            "hun": {
                "official": "Indiai Köztársaság",
                "common": "India"
            },
            "ita": {
                "official": "Repubblica dell'India",
                "common": "India"
            },
            "jpn": {
                "official": "インド共和国",
                "common": "インド"
            },
            "kor": {
                "official": "인도 공화국",
                "common": "인도"
            },
            "nld": {
                "official": "Republiek India",
                "common": "India"
            },
            "per": {
                "official": "جمهوری هندوستان",
                "common": "هند"
            },
            "pol": {
                "official": "Republika Indii",
                "common": "Indie"
            },
            "por": {
                "official": "República da Índia",
                "common": "Índia"
            },
            "rus": {
                "official": "Республика Индия",
                "common": "Индия"
            },
            "slk": {
                "official": "Indická republika",
                "common": "India"
            },
            "spa": {
                "official": "República de la India",
                "common": "India"
            },
            "srp": {
                "official": "Република Индија",
                "common": "Индија"
            },
            "swe": {
                "official": "Republiken Indien",
                "common": "Indien"
            },
            "tur": {
                "official": "Hindistan Cumhuriyeti",
                "common": "Hindistan"
            },
            "urd": {
                "official": "جمہوریہ بھارت",
                "common": "بھارت"
            },
            "zho": {
                "official": "印度共和国",
                "common": "印度"
            }
        },
        "latlng": [
            20.0,
            77.0
        ],
        "landlocked": false,
        "borders": [
            "BGD",
            "BTN",
            "MMR",
            "CHN",
            "NPL",
            "PAK"
        ],
        "area": 3287590.0,
        "demonyms": {
            "eng": {
                "f": "Indian",
                "m": "Indian"
            },
            "fra": {
                "f": "Indienne",
                "m": "Indien"
            }
        },
        "flag": "🇮🇳",
        "maps": {
            "googleMaps": "https://goo.gl/maps/WSk3fLwG4vtPQetp7",
            "openStreetMaps": "https://www.openstreetmap.org/relation/304716"
        },
        "population": 1380004385,
        "gini": {
            "2011": 35.7
        },
        "fifa": "IND",
        "car": {
            "signs": [
                "IND"
            ],
            "side": "left"
        },
        "timezones": [
            "UTC+05:30"
        ],
        "continents": [
            "Asia"
        ],
        "flags": {
            "png": "https://flagcdn.com/w320/in.png",
            "svg": "https://flagcdn.com/in.svg",
            "alt": "The flag of India is composed of three equal horizontal bands of saffron, white and green. A navy blue wheel with twenty-four spokes — the Ashoka Chakra — is centered in the white band."
        },
        "coatOfArms": {
            "png": "https://mainfacts.com/media/images/coats_of_arms/in.png",
            "svg": "https://mainfacts.com/media/images/coats_of_arms/in.svg"
        },
        "startOfWeek": "monday",
        "capitalInfo": {
            "latlng": [
                28.6,
                77.2
            ]
        },
        "postalCode": {
            "format": "######",
            "regex": "^(\\d{6})$"
        }
    },
    {
        "name": {
            "common": "Bhutan",
            "official": "Kingdom of Bhutan",
            "nativeName": {
                "dzo": {
                    "official": "འབྲུག་རྒྱལ་ཁབ་",
                    "common": "འབྲུག་ཡུལ་"
                }
            }
        },
        "tld": [
            ".bt"
        ],
        "cca2": "BT",
        "ccn3": "064",
        "cca3": "BTN",
        "cioc": "BHU",
        "independent": true,
        "status": "officially-assigned",
        "unMember": true,
        "currencies": {
            "BTN": {
                "name": "Bhutanese ngultrum",
                "symbol": "Nu."
            },
            "INR": {
                "name": "Indian rupee",
                "symbol": "₹"
            }
        },
        "idd": {
            "root": "+9",
            "suffixes": [
                "75"
            ]
        },
        "capital": [
            "Thimphu"
        ],
        "altSpellings": [
            "BT",
            "Kingdom of Bhutan"
        ],
        "region": "Asia",
        "subregion": "Southern Asia",
        "languages": {
            "dzo": "Dzongkha"
        },
        "translations": {
            "ara": {
                "official": "مملكة بوتان",
                "common": "بوتان"
            },
            "bre": {
                "official": "Rouantelezh Bhoutan",
                "common": "Bhoutan"
            },
            "ces": {
                "official": "Bhútánské království",
                "common": "Bhútán"
            },
            "cym": {
                "official": "Teyrnas Bhwtan",
                "common": "Bhwtan"
            },
            "deu": {
                "official": "Königreich Bhutan",
                "common": "Bhutan"
            },
            "est": {
                "official": "Bhutani Kuningriik",
                "common": "Bhutan"
            },
            "fin": {
                "official": "Bhutanin kuningaskunta",
                "common": "Bhutan"
            },
            "fra": {
                "official": "Royaume du Bhoutan",
                "common": "Bhoutan"
            },
            "hrv": {
                "official": "Kraljevina Butan",
                "common": "Butan"
            },
            "hun": {
                "official": "Bhutáni Királyság",
                "common": "Bhután"
            },
            "ita": {
                "official": "Regno del Bhutan",
                "common": "Bhutan"
            },
            "jpn": {
                "official": "ブータン王国",
                "common": "ブータン"
            },
            "kor": {
                "official": "부탄 왕국",
                "common": "부탄"
            },
            "nld": {
                "official": "Koninkrijk Bhutan",
                "common": "Bhutan"
            },
            "per": {
                "official": "پادشاهی بوتان",
                "common": "بوتان"
            },
            "pol": {
                "official": "Bhutan",
                "common": "Bhutan"
            },
            "por": {
                "official": "Reino do Butão",
                "common": "Butão"
            },
            "rus": {
                "official": "Королевство Бутан",
                "common": "Бутан"
            },
            "slk": {
                "official": "Bhutánske krâľovstvo",
                "common": "Bhután"
            },
            "spa": {
                "official": "Reino de Bután",
                "common": "Bután"
            },
            "srp": {
                "official": "Краљевина Бутан",
                "common": "Бутан"
            },
            "swe": {
                "official": "Konungariket Bhutan",
                "common": "Bhutan"
            },
            "tur": {
                "official": "Butan Krallığı",
                "common": "Butan"
            },
            "urd": {
                "official": "سلطنت بھوٹان",
                "common": "بھوٹان"
            },
            "zho": {
                "official": "不丹王国",
                "common": "不丹"
            }
        },
        "latlng": [
            27.5,
            90.5
        ],
        "landlocked": true,
        "borders": [
            "CHN",
            "IND"
        ],
        "area": 38394.0,
        "demonyms": {
            "eng": {
                "f": "Bhutanese",
                "m": "Bhutanese"
            },
            "fra": {
                "f": "Bhoutanaise",
                "m": "Bhoutanais"
            }
        },
        "flag": "🇧🇹",
        "maps": {
            "googleMaps": "https://goo.gl/maps/VEfXXBftTFLUpNgp8",
            "openStreetMaps": "https://www.openstreetmap.org/relation/184629"
        },
        "population": 771612,
        "gini": {
            "2017": 37.4
        },
        "fifa": "BHU",
        "car": {
            "signs": [
                "BHT"
            ],
            "side": "left"
        },
        "timezones": [
            "UTC+06:00"
        ],
        "continents": [
            "Asia"
        ],
        "flags": {
            "png": "https://flagcdn.com/w320/bt.png",
            "svg": "https://flagcdn.com/bt.svg",
            "alt": "The flag of Bhutan is divided diagonally, from the lower hoist-side corner to the upper fly-side corner, into an upper yellow and a lower orange triangle. A fly-side facing white dragon holding four jewels in its claws is situated along the boundary of the two triangles."
        },
        "coatOfArms": {
            "png": "https://mainfacts.com/media/images/coats_of_arms/bt.png",
            "svg": "https://mainfacts.com/media/images/coats_of_arms/bt.svg"
        },
        "startOfWeek": "monday",
        "capitalInfo": {
            "latlng": [
                27.47,
                89.63
            ]
        }
    }
]
356]]></system-out>
    <system-err><![CDATA[[main] INFO  - 
  _____   ___   ___   _____     ___   _____     _     ___   _____   ___   ___  
 |_   _| | __| / __| |_   _|   / __| |_   _|   /_\   | _ \ |_   _| | __| |   \ 
   | |   | _|  \__ \   | |     \__ \   | |    / _ \  |   /   | |   | _|  | |) |
   |_|   |___| |___/   |_|     |___/   |_|   /_/ \_\ |_|_\   |_|   |___| |___/ 

Get Calling code using currency(testing-country-service;get-calling-code-using-currency)
--------------------------------------------------------------------------------
[main] INFO  - 
  _____   ___   ___   _____     ___     _     ___   ___   ___   ___  
 |_   _| | __| / __| |_   _|   | _ \   /_\   / __| / __| | __| |   \ 
   | |   | _|  \__ \   | |     |  _/  / _ \  \__ \ \__ \ | _|  | |) |
   |_|   |___| |___/   |_|     |_|   /_/ \_\ |___/ |___/ |___| |___/ 

Get Calling code using currency
----------------------------------------------------------------------
]]></system-err>
  </testcase>
  <testcase name="Get Calling code using currency #2" classname="Testing Country Service" time="0.948">
    <system-out><![CDATA[HTTP/1.1 200 OK
Date: Tue, 24 Oct 2023 16:51:22 GMT
Server: Apache/2.4.38 (Debian)
Cache-Control: public, immutable, max-age=31556926
Content-Type: application/json
content-encoding: gzip
content-length: 1329
Keep-Alive: timeout=5, max=100
Connection: Keep-Alive

[
    {
        "name": {
            "common": "Colombia",
            "official": "Republic of Colombia",
            "nativeName": {
                "spa": {
                    "official": "República de Colombia",
                    "common": "Colombia"
                }
            }
        },
        "tld": [
            ".co"
        ],
        "cca2": "CO",
        "ccn3": "170",
        "cca3": "COL",
        "cioc": "COL",
        "independent": true,
        "status": "officially-assigned",
        "unMember": true,
        "currencies": {
            "COP": {
                "name": "Colombian peso",
                "symbol": "$"
            }
        },
        "idd": {
            "root": "+5",
            "suffixes": [
                "7"
            ]
        },
        "capital": [
            "Bogotá"
        ],
        "altSpellings": [
            "CO",
            "Republic of Colombia",
            "República de Colombia"
        ],
        "region": "Americas",
        "subregion": "South America",
        "languages": {
            "spa": "Spanish"
        },
        "translations": {
            "ara": {
                "official": "جمهورية كولومبيا",
                "common": "كولومبيا"
            },
            "bre": {
                "official": "Republik Kolombia",
                "common": "Kolombia"
            },
            "ces": {
                "official": "Kolumbijská republika",
                "common": "Kolumbie"
            },
            "cym": {
                "official": "Gweriniaeth Colombia",
                "common": "Colombia"
            },
            "deu": {
                "official": "Republik Kolumbien",
                "common": "Kolumbien"
            },
            "est": {
                "official": "Colombia Vabariik",
                "common": "Colombia"
            },
            "fin": {
                "official": "Kolumbian tasavalta",
                "common": "Kolumbia"
            },
            "fra": {
                "official": "République de Colombie",
                "common": "Colombie"
            },
            "hrv": {
                "official": "Republika Kolumbija",
                "common": "Kolumbija"
            },
            "hun": {
                "official": "Kolumbiai Köztársaság",
                "common": "Kolumbia"
            },
            "ita": {
                "official": "Repubblica di Colombia",
                "common": "Colombia"
            },
            "jpn": {
                "official": "コロンビア共和国",
                "common": "コロンビア"
            },
            "kor": {
                "official": "콜롬비아 공화국",
                "common": "콜롬비아"
            },
            "nld": {
                "official": "Republiek Colombia",
                "common": "Colombia"
            },
            "per": {
                "official": "جمهوری کلمبیا",
                "common": "کلمبیا"
            },
            "pol": {
                "official": "Republika Kolumbii",
                "common": "Kolumbia"
            },
            "por": {
                "official": "República da Colômbia",
                "common": "Colômbia"
            },
            "rus": {
                "official": "Республика Колумбия",
                "common": "Колумбия"
            },
            "slk": {
                "official": "Kolumbijská republika",
                "common": "Kolumbia"
            },
            "spa": {
                "official": "República de Colombia",
                "common": "Colombia"
            },
            "srp": {
                "official": "Република Колумбија",
                "common": "Колумбија"
            },
            "swe": {
                "official": "Republiken Colombia",
                "common": "Colombia"
            },
            "tur": {
                "official": "Kolombiya Cumhuriyeti",
                "common": "Kolombiya"
            },
            "urd": {
                "official": "جمہوریہ کولمبیا",
                "common": "کولمبیا"
            },
            "zho": {
                "official": "哥伦比亚共和国",
                "common": "哥伦比亚"
            }
        },
        "latlng": [
            4.0,
            -72.0
        ],
        "landlocked": false,
        "borders": [
            "BRA",
            "ECU",
            "PAN",
            "PER",
            "VEN"
        ],
        "area": 1141748.0,
        "demonyms": {
            "eng": {
                "f": "Colombian",
                "m": "Colombian"
            },
            "fra": {
                "f": "Colombienne",
                "m": "Colombien"
            }
        },
        "flag": "🇨🇴",
        "maps": {
            "googleMaps": "https://goo.gl/maps/zix9qNFX69E9yZ2M6",
            "openStreetMaps": "https://www.openstreetmap.org/relation/120027"
        },
        "population": 50882884,
        "gini": {
            "2019": 51.3
        },
        "fifa": "COL",
        "car": {
            "signs": [
                "CO"
            ],
            "side": "right"
        },
        "timezones": [
            "UTC-05:00"
        ],
        "continents": [
            "South America"
        ],
        "flags": {
            "png": "https://flagcdn.com/w320/co.png",
            "svg": "https://flagcdn.com/co.svg",
            "alt": "The flag of Colombia is composed of three horizontal bands of yellow, blue and red, with the yellow band twice the height of the other two bands."
        },
        "coatOfArms": {
            "png": "https://mainfacts.com/media/images/coats_of_arms/co.png",
            "svg": "https://mainfacts.com/media/images/coats_of_arms/co.svg"
        },
        "startOfWeek": "monday",
        "capitalInfo": {
            "latlng": [
                4.71,
                -74.07
            ]
        }
    }
]
170]]></system-out>
    <system-err><![CDATA[[main] INFO  - 
  _____   ___   ___   _____     ___     _     ___   ___   ___   ___  
 |_   _| | __| / __| |_   _|   | _ \   /_\   / __| / __| | __| |   \ 
   | |   | _|  \__ \   | |     |  _/  / _ \  \__ \ \__ \ | _|  | |) |
   |_|   |___| |___/   |_|     |_|   /_/ \_\ |___/ |___/ |___| |___/ 

Get Calling code using currency
----------------------------------------------------------------------
]]></system-err>
  </testcase>
</testsuite>